This file contains any messages produced by compilers while
running configure, to aid debugging if configure makes a mistake.

It was created by configure, which was
generated by GNU Autoconf 2.59.  Invocation command line was

  $ /Users/z/.kerl/builds/otp-18.2.1/otp_src_18.2.1/lib/odbc/./configure --prefix=/usr/local --prefix=/usr/local CFLAGS=-O0 ERL_TOP=/Users/z/.kerl/builds/otp-18.2.1/otp_src_18.2.1 --cache-file=/dev/null --srcdir=/Users/z/.kerl/builds/otp-18.2.1/otp_src_18.2.1/lib --cache-file=/dev/null --srcdir=/Users/z/.kerl/builds/otp-18.2.1/otp_src_18.2.1/lib/odbc/.

## --------- ##
## Platform. ##
## --------- ##

hostname = block9.PUBLIC.monkeybrains.net
uname -m = x86_64
uname -r = 14.5.0
uname -s = Darwin
uname -v = Darwin Kernel Version 14.5.0: Tue Sep  1 21:23:09 PDT 2015; root:xnu-2782.50.1~1/RELEASE_X86_64

/usr/bin/uname -p = i386
/bin/uname -X     = unknown

/bin/arch              = unknown
/usr/bin/arch -k       = unknown
/usr/convex/getsysinfo = unknown
hostinfo               = Mach kernel version:
	 Darwin Kernel Version 14.5.0: Tue Sep  1 21:23:09 PDT 2015; root:xnu-2782.50.1~1/RELEASE_X86_64
Kernel configured for up to 4 processors.
2 processors are physically available.
4 processors are logically available.
Processor type: i486 (Intel 80486)
Processors active: 0 1 2 3
Primary memory available: 8.00 gigabytes
Default processor set: 256 tasks, 1086 threads, 4 processors
Load average: 1.92, Mach factor: 2.07
/bin/machine           = unknown
/usr/bin/oslevel       = unknown
/bin/universe          = unknown

PATH: /Users/z/.nvm/versions/node/v5.2.0/bin
PATH: /Users/z/.gvm/bin
PATH: /Users/z/.rvm/bin
PATH: /Users/z/.gvm/bin
PATH: /Users/z/.gvm/bin
PATH: /Users/z/.pyenv/shims
PATH: /Users/z/bin
PATH: /Users/z/.pyenv/bin
PATH: /Users/z/.gvm/bin
PATH: /Users/z/.rvm/gems/ruby-2.2.3/bin
PATH: /Users/z/.rvm/gems/ruby-2.2.3@global/bin
PATH: /Users/z/.rvm/rubies/ruby-2.2.3/bin
PATH: /usr/local/bin
PATH: /usr/bin
PATH: /bin
PATH: /usr/sbin
PATH: /sbin
PATH: /opt/X11/bin
PATH: /Users/z/.rvm/bin
PATH: /Users/z/.rvm/bin
PATH: /Users/z/.gvm/bin
PATH: /Users/z/.gvm/bin
PATH: /Users/z/.rvm/gems/ruby-2.2.3/bin
PATH: /Users/z/.rvm/gems/ruby-2.2.3@global/bin
PATH: /Users/z/.rvm/rubies/ruby-2.2.3/bin
PATH: /usr/local/bin
PATH: /usr/bin
PATH: /bin
PATH: /usr/sbin
PATH: /sbin
PATH: /opt/X11/bin
PATH: /Users/z/.rvm/bin


## ----------- ##
## Core tests. ##
## ----------- ##

configure:1367: checking build system type
configure:1385: result: x86_64-apple-darwin14.5.0
configure:1393: checking host system type
configure:1407: result: x86_64-apple-darwin14.5.0
configure:1489: checking for gcc
configure:1505: found /usr/bin/gcc
configure:1515: result: gcc
configure:1759: checking for C compiler version
configure:1762: gcc --version </dev/null >&5
Configured with: --prefix=/Applications/Xcode.app/Contents/Developer/usr --with-gxx-include-dir=/usr/include/c++/4.2.1
Apple LLVM version 7.0.2 (clang-700.1.81)
Target: x86_64-apple-darwin14.5.0
Thread model: posix
configure:1765: $? = 0
configure:1767: gcc -v </dev/null >&5
Configured with: --prefix=/Applications/Xcode.app/Contents/Developer/usr --with-gxx-include-dir=/usr/include/c++/4.2.1
Apple LLVM version 7.0.2 (clang-700.1.81)
Target: x86_64-apple-darwin14.5.0
Thread model: posix
configure:1770: $? = 0
configure:1772: gcc -V </dev/null >&5
clang: error: argument to '-V' is missing (expected 1 value)
clang: error: no input files
configure:1775: $? = 1
configure:1798: checking for C compiler default output file name
configure:1801: gcc -O0   conftest.c  >&5
configure:1804: $? = 0
configure:1850: result: a.out
configure:1855: checking whether the C compiler works
configure:1861: ./a.out
configure:1864: $? = 0
configure:1881: result: yes
configure:1888: checking whether we are cross compiling
configure:1890: result: no
configure:1893: checking for suffix of executables
configure:1895: gcc -o conftest -O0   conftest.c  >&5
configure:1898: $? = 0
configure:1923: result: 
configure:1929: checking for suffix of object files
configure:1950: gcc -c -O0  conftest.c >&5
configure:1953: $? = 0
configure:1975: result: o
configure:1979: checking whether we are using the GNU C compiler
configure:2003: gcc -c -O0  conftest.c >&5
configure:2009: $? = 0
configure:2013: test -z 
			 || test ! -s conftest.err
configure:2016: $? = 0
configure:2019: test -s conftest.o
configure:2022: $? = 0
configure:2035: result: yes
configure:2041: checking whether gcc accepts -g
configure:2062: gcc -c -g  conftest.c >&5
configure:2068: $? = 0
configure:2072: test -z 
			 || test ! -s conftest.err
configure:2075: $? = 0
configure:2078: test -s conftest.o
configure:2081: $? = 0
configure:2092: result: yes
configure:2109: checking for gcc option to accept ANSI C
configure:2179: gcc  -c -O0  conftest.c >&5
configure:2185: $? = 0
configure:2189: test -z 
			 || test ! -s conftest.err
configure:2192: $? = 0
configure:2195: test -s conftest.o
configure:2198: $? = 0
configure:2216: result: none needed
configure:2234: gcc -c -O0  conftest.c >&5
conftest.c:2:3: error: unknown type name 'choke'
  choke me
  ^
conftest.c:2:11: error: expected ';' after top level declarator
  choke me
          ^
          ;
2 errors generated.
configure:2240: $? = 1
configure: failed program was:
| #ifndef __cplusplus
|   choke me
| #endif
configure:2378: checking for mixed cygwin or msys and native VC++ environment
configure:2403: result: no
configure:2419: checking for mixed cygwin and native MinGW environment
configure:2437: result: no
configure:2446: checking if we mix cygwin with any native compiler
configure:2452: result: no
configure:2458: checking if we mix msys with another native compiler
configure:2464: result: no
configure:2471: checking whether make sets $(MAKE)
configure:2491: result: yes
configure:2505: checking for ld.sh
configure:2534: result: no
configure:2582: checking for ld
configure:2598: found /usr/bin/ld
configure:2609: result: ld
configure:2644: checking for connect
configure:2701: gcc -o conftest -O0   conftest.c  >&5
configure:2707: $? = 0
configure:2711: test -z 
			 || test ! -s conftest.err
configure:2714: $? = 0
configure:2717: test -s conftest
configure:2720: $? = 0
configure:2732: result: yes
configure:2912: checking for gethostbyname
configure:2969: gcc -o conftest -O0   conftest.c  >&5
configure:2975: $? = 0
configure:2979: test -z 
			 || test ! -s conftest.err
configure:2982: $? = 0
configure:2985: test -s conftest
configure:2988: $? = 0
configure:3000: result: yes
configure:3075: checking how to run the C preprocessor
configure:3110: gcc -E  conftest.c
configure:3116: $? = 0
configure:3148: gcc -E  conftest.c
conftest.c:9:10: fatal error: 'ac_nonexistent.h' file not found
#include <ac_nonexistent.h>
         ^
1 error generated.
configure:3154: $? = 1
configure: failed program was:
| /* confdefs.h.  */
| 
| #define PACKAGE_NAME ""
| #define PACKAGE_TARNAME ""
| #define PACKAGE_VERSION ""
| #define PACKAGE_STRING ""
| #define PACKAGE_BUGREPORT ""
| /* end confdefs.h.  */
| #include <ac_nonexistent.h>
configure:3193: result: gcc -E
configure:3217: gcc -E  conftest.c
configure:3223: $? = 0
configure:3255: gcc -E  conftest.c
conftest.c:9:10: fatal error: 'ac_nonexistent.h' file not found
#include <ac_nonexistent.h>
         ^
1 error generated.
configure:3261: $? = 1
configure: failed program was:
| /* confdefs.h.  */
| 
| #define PACKAGE_NAME ""
| #define PACKAGE_TARNAME ""
| #define PACKAGE_VERSION ""
| #define PACKAGE_STRING ""
| #define PACKAGE_BUGREPORT ""
| /* end confdefs.h.  */
| #include <ac_nonexistent.h>
configure:3305: checking for egrep
configure:3315: result: grep -E
configure:3320: checking for ANSI C header files
configure:3345: gcc -c -O0  conftest.c >&5
configure:3351: $? = 0
configure:3355: test -z 
			 || test ! -s conftest.err
configure:3358: $? = 0
configure:3361: test -s conftest.o
configure:3364: $? = 0
configure:3453: gcc -o conftest -O0   conftest.c  >&5
conftest.c:26:7: warning: implicitly declaring library function 'exit' with type 'void (int) __attribute__((noreturn))'
      exit(2);
      ^
conftest.c:26:7: note: include the header <stdlib.h> or explicitly provide a declaration for 'exit'
1 warning generated.
configure:3456: $? = 0
configure:3458: ./conftest
configure:3461: $? = 0
configure:3476: result: yes
configure:3500: checking for sys/types.h
configure:3516: gcc -c -O0  conftest.c >&5
configure:3522: $? = 0
configure:3526: test -z 
			 || test ! -s conftest.err
configure:3529: $? = 0
configure:3532: test -s conftest.o
configure:3535: $? = 0
configure:3546: result: yes
configure:3500: checking for sys/stat.h
configure:3516: gcc -c -O0  conftest.c >&5
configure:3522: $? = 0
configure:3526: test -z 
			 || test ! -s conftest.err
configure:3529: $? = 0
configure:3532: test -s conftest.o
configure:3535: $? = 0
configure:3546: result: yes
configure:3500: checking for stdlib.h
configure:3516: gcc -c -O0  conftest.c >&5
configure:3522: $? = 0
configure:3526: test -z 
			 || test ! -s conftest.err
configure:3529: $? = 0
configure:3532: test -s conftest.o
configure:3535: $? = 0
configure:3546: result: yes
configure:3500: checking for string.h
configure:3516: gcc -c -O0  conftest.c >&5
configure:3522: $? = 0
configure:3526: test -z 
			 || test ! -s conftest.err
configure:3529: $? = 0
configure:3532: test -s conftest.o
configure:3535: $? = 0
configure:3546: result: yes
configure:3500: checking for memory.h
configure:3516: gcc -c -O0  conftest.c >&5
configure:3522: $? = 0
configure:3526: test -z 
			 || test ! -s conftest.err
configure:3529: $? = 0
configure:3532: test -s conftest.o
configure:3535: $? = 0
configure:3546: result: yes
configure:3500: checking for strings.h
configure:3516: gcc -c -O0  conftest.c >&5
configure:3522: $? = 0
configure:3526: test -z 
			 || test ! -s conftest.err
configure:3529: $? = 0
configure:3532: test -s conftest.o
configure:3535: $? = 0
configure:3546: result: yes
configure:3500: checking for inttypes.h
configure:3516: gcc -c -O0  conftest.c >&5
configure:3522: $? = 0
configure:3526: test -z 
			 || test ! -s conftest.err
configure:3529: $? = 0
configure:3532: test -s conftest.o
configure:3535: $? = 0
configure:3546: result: yes
configure:3500: checking for stdint.h
configure:3516: gcc -c -O0  conftest.c >&5
configure:3522: $? = 0
configure:3526: test -z 
			 || test ! -s conftest.err
configure:3529: $? = 0
configure:3532: test -s conftest.o
configure:3535: $? = 0
configure:3546: result: yes
configure:3500: checking for unistd.h
configure:3516: gcc -c -O0  conftest.c >&5
configure:3522: $? = 0
configure:3526: test -z 
			 || test ! -s conftest.err
configure:3529: $? = 0
configure:3532: test -s conftest.o
configure:3535: $? = 0
configure:3546: result: yes
configure:3577: checking fcntl.h usability
configure:3589: gcc -c -O0  conftest.c >&5
configure:3595: $? = 0
configure:3599: test -z 
			 || test ! -s conftest.err
configure:3602: $? = 0
configure:3605: test -s conftest.o
configure:3608: $? = 0
configure:3618: result: yes
configure:3622: checking fcntl.h presence
configure:3632: gcc -E  conftest.c
configure:3638: $? = 0
configure:3658: result: yes
configure:3693: checking for fcntl.h
configure:3700: result: yes
configure:3577: checking netdb.h usability
configure:3589: gcc -c -O0  conftest.c >&5
configure:3595: $? = 0
configure:3599: test -z 
			 || test ! -s conftest.err
configure:3602: $? = 0
configure:3605: test -s conftest.o
configure:3608: $? = 0
configure:3618: result: yes
configure:3622: checking netdb.h presence
configure:3632: gcc -E  conftest.c
configure:3638: $? = 0
configure:3658: result: yes
configure:3693: checking for netdb.h
configure:3700: result: yes
configure:3568: checking for stdlib.h
configure:3573: result: yes
configure:3568: checking for string.h
configure:3573: result: yes
configure:3577: checking sys/socket.h usability
configure:3589: gcc -c -O0  conftest.c >&5
configure:3595: $? = 0
configure:3599: test -z 
			 || test ! -s conftest.err
configure:3602: $? = 0
configure:3605: test -s conftest.o
configure:3608: $? = 0
configure:3618: result: yes
configure:3622: checking sys/socket.h presence
configure:3632: gcc -E  conftest.c
configure:3638: $? = 0
configure:3658: result: yes
configure:3693: checking for sys/socket.h
configure:3700: result: yes
configure:3577: checking winsock2.h usability
configure:3589: gcc -c -O0  conftest.c >&5
conftest.c:58:10: fatal error: 'winsock2.h' file not found
#include <winsock2.h>
         ^
1 error generated.
configure:3595: $? = 1
configure: failed program was:
| /* confdefs.h.  */
| 
| #define PACKAGE_NAME ""
| #define PACKAGE_TARNAME ""
| #define PACKAGE_VERSION ""
| #define PACKAGE_STRING ""
| #define PACKAGE_BUGREPORT ""
| #define STDC_HEADERS 1
| #define HAVE_SYS_TYPES_H 1
| #define HAVE_SYS_STAT_H 1
| #define HAVE_STDLIB_H 1
| #define HAVE_STRING_H 1
| #define HAVE_MEMORY_H 1
| #define HAVE_STRINGS_H 1
| #define HAVE_INTTYPES_H 1
| #define HAVE_STDINT_H 1
| #define HAVE_UNISTD_H 1
| #define HAVE_FCNTL_H 1
| #define HAVE_NETDB_H 1
| #define HAVE_STDLIB_H 1
| #define HAVE_STRING_H 1
| #define HAVE_SYS_SOCKET_H 1
| /* end confdefs.h.  */
| #include <stdio.h>
| #if HAVE_SYS_TYPES_H
| # include <sys/types.h>
| #endif
| #if HAVE_SYS_STAT_H
| # include <sys/stat.h>
| #endif
| #if STDC_HEADERS
| # include <stdlib.h>
| # include <stddef.h>
| #else
| # if HAVE_STDLIB_H
| #  include <stdlib.h>
| # endif
| #endif
| #if HAVE_STRING_H
| # if !STDC_HEADERS && HAVE_MEMORY_H
| #  include <memory.h>
| # endif
| # include <string.h>
| #endif
| #if HAVE_STRINGS_H
| # include <strings.h>
| #endif
| #if HAVE_INTTYPES_H
| # include <inttypes.h>
| #else
| # if HAVE_STDINT_H
| #  include <stdint.h>
| # endif
| #endif
| #if HAVE_UNISTD_H
| # include <unistd.h>
| #endif
| #include <winsock2.h>
configure:3618: result: no
configure:3622: checking winsock2.h presence
configure:3632: gcc -E  conftest.c
conftest.c:24:10: fatal error: 'winsock2.h' file not found
#include <winsock2.h>
         ^
1 error generated.
configure:3638: $? = 1
configure: failed program was:
| /* confdefs.h.  */
| 
| #define PACKAGE_NAME ""
| #define PACKAGE_TARNAME ""
| #define PACKAGE_VERSION ""
| #define PACKAGE_STRING ""
| #define PACKAGE_BUGREPORT ""
| #define STDC_HEADERS 1
| #define HAVE_SYS_TYPES_H 1
| #define HAVE_SYS_STAT_H 1
| #define HAVE_STDLIB_H 1
| #define HAVE_STRING_H 1
| #define HAVE_MEMORY_H 1
| #define HAVE_STRINGS_H 1
| #define HAVE_INTTYPES_H 1
| #define HAVE_STDINT_H 1
| #define HAVE_UNISTD_H 1
| #define HAVE_FCNTL_H 1
| #define HAVE_NETDB_H 1
| #define HAVE_STDLIB_H 1
| #define HAVE_STRING_H 1
| #define HAVE_SYS_SOCKET_H 1
| /* end confdefs.h.  */
| #include <winsock2.h>
configure:3658: result: no
configure:3693: checking for winsock2.h
configure:3700: result: no
configure:3727: checking windows.h usability
configure:3739: gcc -c -O0  conftest.c >&5
conftest.c:58:10: fatal error: 'windows.h' file not found
#include <windows.h>
         ^
1 error generated.
configure:3745: $? = 1
configure: failed program was:
| /* confdefs.h.  */
| 
| #define PACKAGE_NAME ""
| #define PACKAGE_TARNAME ""
| #define PACKAGE_VERSION ""
| #define PACKAGE_STRING ""
| #define PACKAGE_BUGREPORT ""
| #define STDC_HEADERS 1
| #define HAVE_SYS_TYPES_H 1
| #define HAVE_SYS_STAT_H 1
| #define HAVE_STDLIB_H 1
| #define HAVE_STRING_H 1
| #define HAVE_MEMORY_H 1
| #define HAVE_STRINGS_H 1
| #define HAVE_INTTYPES_H 1
| #define HAVE_STDINT_H 1
| #define HAVE_UNISTD_H 1
| #define HAVE_FCNTL_H 1
| #define HAVE_NETDB_H 1
| #define HAVE_STDLIB_H 1
| #define HAVE_STRING_H 1
| #define HAVE_SYS_SOCKET_H 1
| /* end confdefs.h.  */
| #include <stdio.h>
| #if HAVE_SYS_TYPES_H
| # include <sys/types.h>
| #endif
| #if HAVE_SYS_STAT_H
| # include <sys/stat.h>
| #endif
| #if STDC_HEADERS
| # include <stdlib.h>
| # include <stddef.h>
| #else
| # if HAVE_STDLIB_H
| #  include <stdlib.h>
| # endif
| #endif
| #if HAVE_STRING_H
| # if !STDC_HEADERS && HAVE_MEMORY_H
| #  include <memory.h>
| # endif
| # include <string.h>
| #endif
| #if HAVE_STRINGS_H
| # include <strings.h>
| #endif
| #if HAVE_INTTYPES_H
| # include <inttypes.h>
| #else
| # if HAVE_STDINT_H
| #  include <stdint.h>
| # endif
| #endif
| #if HAVE_UNISTD_H
| # include <unistd.h>
| #endif
| #include <windows.h>
configure:3768: result: no
configure:3772: checking windows.h presence
configure:3782: gcc -E  conftest.c
conftest.c:24:10: fatal error: 'windows.h' file not found
#include <windows.h>
         ^
1 error generated.
configure:3788: $? = 1
configure: failed program was:
| /* confdefs.h.  */
| 
| #define PACKAGE_NAME ""
| #define PACKAGE_TARNAME ""
| #define PACKAGE_VERSION ""
| #define PACKAGE_STRING ""
| #define PACKAGE_BUGREPORT ""
| #define STDC_HEADERS 1
| #define HAVE_SYS_TYPES_H 1
| #define HAVE_SYS_STAT_H 1
| #define HAVE_STDLIB_H 1
| #define HAVE_STRING_H 1
| #define HAVE_MEMORY_H 1
| #define HAVE_STRINGS_H 1
| #define HAVE_INTTYPES_H 1
| #define HAVE_STDINT_H 1
| #define HAVE_UNISTD_H 1
| #define HAVE_FCNTL_H 1
| #define HAVE_NETDB_H 1
| #define HAVE_STDLIB_H 1
| #define HAVE_STRING_H 1
| #define HAVE_SYS_SOCKET_H 1
| /* end confdefs.h.  */
| #include <windows.h>
configure:3808: result: no
configure:3843: checking for windows.h
configure:3850: result: no
configure:3868: checking for sql.h
configure:3887: gcc -c -O0  conftest.c >&5
configure:3893: $? = 0
configure:3897: test -z 
			 || test ! -s conftest.err
configure:3900: $? = 0
configure:3903: test -s conftest.o
configure:3906: $? = 0
configure:3917: result: yes
configure:3868: checking for sqlext.h
configure:3887: gcc -c -O0  conftest.c >&5
configure:3893: $? = 0
configure:3897: test -z 
			 || test ! -s conftest.err
configure:3900: $? = 0
configure:3903: test -s conftest.o
configure:3906: $? = 0
configure:3917: result: yes
configure:3931: checking for an ANSI C-conforming const
configure:3998: gcc -c -O0  conftest.c >&5
configure:4004: $? = 0
configure:4008: test -z 
			 || test ! -s conftest.err
configure:4011: $? = 0
configure:4014: test -s conftest.o
configure:4017: $? = 0
configure:4028: result: yes
configure:4038: checking for size_t
configure:4062: gcc -c -O0  conftest.c >&5
configure:4068: $? = 0
configure:4072: test -z 
			 || test ! -s conftest.err
configure:4075: $? = 0
configure:4078: test -s conftest.o
configure:4081: $? = 0
configure:4092: result: yes
configure:4104: checking for struct sockaddr_in6.sin6_addr
configure:4133: gcc -c -O0  conftest.c >&5
conftest.c:37:1: error: statement requires expression of scalar type ('struct in6_addr' invalid)
if (ac_aggr.sin6_addr)
^   ~~~~~~~~~~~~~~~~~
1 error generated.
configure:4139: $? = 1
configure: failed program was:
| /* confdefs.h.  */
| 
| #define PACKAGE_NAME ""
| #define PACKAGE_TARNAME ""
| #define PACKAGE_VERSION ""
| #define PACKAGE_STRING ""
| #define PACKAGE_BUGREPORT ""
| #define STDC_HEADERS 1
| #define HAVE_SYS_TYPES_H 1
| #define HAVE_SYS_STAT_H 1
| #define HAVE_STDLIB_H 1
| #define HAVE_STRING_H 1
| #define HAVE_MEMORY_H 1
| #define HAVE_STRINGS_H 1
| #define HAVE_INTTYPES_H 1
| #define HAVE_STDINT_H 1
| #define HAVE_UNISTD_H 1
| #define HAVE_FCNTL_H 1
| #define HAVE_NETDB_H 1
| #define HAVE_STDLIB_H 1
| #define HAVE_STRING_H 1
| #define HAVE_SYS_SOCKET_H 1
| #define HAVE_SQL_H 1
| #define HAVE_SQLEXT_H 1
| /* end confdefs.h.  */
| #if HAVE_WINSOCK2_H
| 			  #include <winsock2.h>
| 			  #include <ws2tcpip.h>
| 			  #else
| 			  #include <netinet/in.h>
| 			  #endif
| 
| int
| main ()
| {
| static struct sockaddr_in6 ac_aggr;
| if (ac_aggr.sin6_addr)
| return 0;
|   ;
|   return 0;
| }
configure:4183: gcc -c -O0  conftest.c >&5
configure:4189: $? = 0
configure:4193: test -z 
			 || test ! -s conftest.err
configure:4196: $? = 0
configure:4199: test -s conftest.o
configure:4202: $? = 0
configure:4215: result: yes
configure:4232: checking for memset
configure:4289: gcc -o conftest -O0   conftest.c  >&5
conftest.c:51:6: warning: incompatible redeclaration of library function 'memset' [-Wincompatible-library-redeclaration]
char memset ();
     ^
conftest.c:51:6: note: 'memset' is a builtin with type 'void *(void *, int, unsigned long)'
1 warning generated.
configure:4295: $? = 0
configure:4299: test -z 
			 || test ! -s conftest.err
configure:4302: $? = 0
configure:4305: test -s conftest
configure:4308: $? = 0
configure:4320: result: yes
configure:4232: checking for socket
configure:4289: gcc -o conftest -O0   conftest.c  >&5
configure:4295: $? = 0
configure:4299: test -z 
			 || test ! -s conftest.err
configure:4302: $? = 0
configure:4305: test -s conftest
configure:4308: $? = 0
configure:4320: result: yes
configure:4338: checking for native win32 threads
configure:4355: result: no
configure:4363: checking for pthread_create in -lpthread
configure:4393: gcc -o conftest -O0   conftest.c -lpthread   >&5
configure:4399: $? = 0
configure:4403: test -z 
			 || test ! -s conftest.err
configure:4406: $? = 0
configure:4409: test -s conftest
configure:4412: $? = 0
configure:4425: result: yes
configure:5213: checking pthread.h usability
configure:5225: gcc -c -O0   -D_THREAD_SAFE -D_REENTRANT -DPOSIX_THREADS conftest.c >&5
configure:5231: $? = 0
configure:5235: test -z 
			 || test ! -s conftest.err
configure:5238: $? = 0
configure:5241: test -s conftest.o
configure:5244: $? = 0
configure:5254: result: yes
configure:5258: checking pthread.h presence
configure:5268: gcc -E   -D_THREAD_SAFE -D_REENTRANT -DPOSIX_THREADS conftest.c
configure:5274: $? = 0
configure:5294: result: yes
configure:5329: checking for pthread.h
configure:5336: result: yes
configure:5360: checking pthread/mit/pthread.h usability
configure:5372: gcc -c -O0   -D_THREAD_SAFE -D_REENTRANT -DPOSIX_THREADS conftest.c >&5
conftest.c:64:10: fatal error: 'pthread/mit/pthread.h' file not found
#include <pthread/mit/pthread.h>
         ^
1 error generated.
configure:5378: $? = 1
configure: failed program was:
| /* confdefs.h.  */
| 
| #define PACKAGE_NAME ""
| #define PACKAGE_TARNAME ""
| #define PACKAGE_VERSION ""
| #define PACKAGE_STRING ""
| #define PACKAGE_BUGREPORT ""
| #define STDC_HEADERS 1
| #define HAVE_SYS_TYPES_H 1
| #define HAVE_SYS_STAT_H 1
| #define HAVE_STDLIB_H 1
| #define HAVE_STRING_H 1
| #define HAVE_MEMORY_H 1
| #define HAVE_STRINGS_H 1
| #define HAVE_INTTYPES_H 1
| #define HAVE_STDINT_H 1
| #define HAVE_UNISTD_H 1
| #define HAVE_FCNTL_H 1
| #define HAVE_NETDB_H 1
| #define HAVE_STDLIB_H 1
| #define HAVE_STRING_H 1
| #define HAVE_SYS_SOCKET_H 1
| #define HAVE_SQL_H 1
| #define HAVE_SQLEXT_H 1
| #define HAVE_STRUCT_SOCKADDR_IN6_SIN6_ADDR 1
| #define HAVE_MEMSET 1
| #define HAVE_SOCKET 1
| #define HAVE_PTHREAD_H 1
| /* end confdefs.h.  */
| #include <stdio.h>
| #if HAVE_SYS_TYPES_H
| # include <sys/types.h>
| #endif
| #if HAVE_SYS_STAT_H
| # include <sys/stat.h>
| #endif
| #if STDC_HEADERS
| # include <stdlib.h>
| # include <stddef.h>
| #else
| # if HAVE_STDLIB_H
| #  include <stdlib.h>
| # endif
| #endif
| #if HAVE_STRING_H
| # if !STDC_HEADERS && HAVE_MEMORY_H
| #  include <memory.h>
| # endif
| # include <string.h>
| #endif
| #if HAVE_STRINGS_H
| # include <strings.h>
| #endif
| #if HAVE_INTTYPES_H
| # include <inttypes.h>
| #else
| # if HAVE_STDINT_H
| #  include <stdint.h>
| # endif
| #endif
| #if HAVE_UNISTD_H
| # include <unistd.h>
| #endif
| #include <pthread/mit/pthread.h>
configure:5401: result: no
configure:5405: checking pthread/mit/pthread.h presence
configure:5415: gcc -E   -D_THREAD_SAFE -D_REENTRANT -DPOSIX_THREADS conftest.c
conftest.c:30:10: fatal error: 'pthread/mit/pthread.h' file not found
#include <pthread/mit/pthread.h>
         ^
1 error generated.
configure:5421: $? = 1
configure: failed program was:
| /* confdefs.h.  */
| 
| #define PACKAGE_NAME ""
| #define PACKAGE_TARNAME ""
| #define PACKAGE_VERSION ""
| #define PACKAGE_STRING ""
| #define PACKAGE_BUGREPORT ""
| #define STDC_HEADERS 1
| #define HAVE_SYS_TYPES_H 1
| #define HAVE_SYS_STAT_H 1
| #define HAVE_STDLIB_H 1
| #define HAVE_STRING_H 1
| #define HAVE_MEMORY_H 1
| #define HAVE_STRINGS_H 1
| #define HAVE_INTTYPES_H 1
| #define HAVE_STDINT_H 1
| #define HAVE_UNISTD_H 1
| #define HAVE_FCNTL_H 1
| #define HAVE_NETDB_H 1
| #define HAVE_STDLIB_H 1
| #define HAVE_STRING_H 1
| #define HAVE_SYS_SOCKET_H 1
| #define HAVE_SQL_H 1
| #define HAVE_SQLEXT_H 1
| #define HAVE_STRUCT_SOCKADDR_IN6_SIN6_ADDR 1
| #define HAVE_MEMSET 1
| #define HAVE_SOCKET 1
| #define HAVE_PTHREAD_H 1
| /* end confdefs.h.  */
| #include <pthread/mit/pthread.h>
configure:5441: result: no
configure:5476: checking for pthread/mit/pthread.h
configure:5483: result: no
configure:5520: checking for SQLAllocHandle in -liodbc
configure:5550: gcc -o conftest -O0   conftest.c -liodbc   >&5
configure:5556: $? = 0
configure:5560: test -z 
			 || test ! -s conftest.err
configure:5563: $? = 0
configure:5566: test -s conftest
configure:5569: $? = 0
configure:5582: result: yes
configure:6347: checking if we can add -Werror=return-type to CFLAGS (via CFLAGS)
configure:6367: gcc -c -Werror=return-type -O0  conftest.c >&5
configure:6373: $? = 0
configure:6377: test -z 
			 || test ! -s conftest.err
configure:6380: $? = 0
configure:6383: test -s conftest.o
configure:6386: $? = 0
configure:6398: result: yes
configure:6551: creating ./config.status

## ---------------------- ##
## Running config.status. ##
## ---------------------- ##

This file was extended by config.status, which was
generated by GNU Autoconf 2.59.  Invocation command line was

  CONFIG_FILES    = 
  CONFIG_HEADERS  = 
  CONFIG_LINKS    = 
  CONFIG_COMMANDS = 
  $ ./config.status 

on block9.PUBLIC.monkeybrains.net

config.status:657: creating c_src/x86_64-apple-darwin14.5.0/Makefile

## ---------------- ##
## Cache variables. ##
## ---------------- ##

ac_cv_build=x86_64-apple-darwin14.5.0
ac_cv_build_alias=x86_64-apple-darwin14.5.0
ac_cv_c_compiler_gnu=yes
ac_cv_c_const=yes
ac_cv_env_CC_set=
ac_cv_env_CC_value=
ac_cv_env_CFLAGS_set=set
ac_cv_env_CFLAGS_value=-O0
ac_cv_env_CPPFLAGS_set=
ac_cv_env_CPPFLAGS_value=
ac_cv_env_CPP_set=
ac_cv_env_CPP_value=
ac_cv_env_LDFLAGS_set=
ac_cv_env_LDFLAGS_value=
ac_cv_env_build_alias_set=
ac_cv_env_build_alias_value=
ac_cv_env_host_alias_set=
ac_cv_env_host_alias_value=
ac_cv_env_target_alias_set=
ac_cv_env_target_alias_value=
ac_cv_exeext=
ac_cv_func_connect=yes
ac_cv_func_gethostbyname=yes
ac_cv_func_memset=yes
ac_cv_func_socket=yes
ac_cv_header_fcntl_h=yes
ac_cv_header_inttypes_h=yes
ac_cv_header_memory_h=yes
ac_cv_header_netdb_h=yes
ac_cv_header_pthread_h=yes
ac_cv_header_pthread_mit_pthread_h=no
ac_cv_header_sql_h=yes
ac_cv_header_sqlext_h=yes
ac_cv_header_stdc=yes
ac_cv_header_stdint_h=yes
ac_cv_header_stdlib_h=yes
ac_cv_header_string_h=yes
ac_cv_header_strings_h=yes
ac_cv_header_sys_socket_h=yes
ac_cv_header_sys_stat_h=yes
ac_cv_header_sys_types_h=yes
ac_cv_header_unistd_h=yes
ac_cv_header_windows_h=no
ac_cv_header_winsock2_h=no
ac_cv_host=x86_64-apple-darwin14.5.0
ac_cv_host_alias=x86_64-apple-darwin14.5.0
ac_cv_lib_iodbc_SQLAllocHandle=yes
ac_cv_lib_pthread_pthread_create=yes
ac_cv_member_struct_sockaddr_in6_sin6_addr=yes
ac_cv_objext=o
ac_cv_prog_CPP='gcc -E'
ac_cv_prog_ac_ct_CC=gcc
ac_cv_prog_ac_ct_LD=ld
ac_cv_prog_cc_g=yes
ac_cv_prog_cc_stdc=
ac_cv_prog_egrep='grep -E'
ac_cv_prog_make_make_set=yes
ac_cv_type_size_t=yes

## ----------------- ##
## Output variables. ##
## ----------------- ##

CC='gcc'
CFLAGS='-Werror=return-type -O0'
CPP='gcc -E'
CPPFLAGS=''
DEFS='-DPACKAGE_NAME=\"\" -DPACKAGE_TARNAME=\"\" -DPACKAGE_VERSION=\"\" -DPACKAGE_STRING=\"\" -DPACKAGE_BUGREPORT=\"\" -DSTDC_HEADERS=1 -DHAVE_SYS_TYPES_H=1 -DHAVE_SYS_STAT_H=1 -DHAVE_STDLIB_H=1 -DHAVE_STRING_H=1 -DHAVE_MEMORY_H=1 -DHAVE_STRINGS_H=1 -DHAVE_INTTYPES_H=1 -DHAVE_STDINT_H=1 -DHAVE_UNISTD_H=1 -DHAVE_FCNTL_H=1 -DHAVE_NETDB_H=1 -DHAVE_STDLIB_H=1 -DHAVE_STRING_H=1 -DHAVE_SYS_SOCKET_H=1 -DHAVE_SQL_H=1 -DHAVE_SQLEXT_H=1 -DHAVE_STRUCT_SOCKADDR_IN6_SIN6_ADDR=1 -DHAVE_MEMSET=1 -DHAVE_SOCKET=1 -DHAVE_PTHREAD_H=1 '
ECHO_C='ECHO_N=''
ECHO_T=''
EGREP='grep -E'
EXEEXT=''
GETCONF=''
LD='ld'
LDFLAGS=''
LIBOBJS=''
LIBS=''
LTLIBOBJS=''
MIXED_CYGWIN='no'
MIXED_CYGWIN_MINGW='no'
MIXED_CYGWIN_VC='no'
MIXED_MSYS='no'
MIXED_MSYS_VC='no'
MIXED_VC='no'
OBJEXT='o'
ODBC_INCLUDE='-I/usr/lib/include'
ODBC_LIB=' -liodbc'
PACKAGE_BUGREPORT=''
PACKAGE_NAME=''
PACKAGE_STRING=''
PACKAGE_TARNAME=''
PACKAGE_VERSION=''
PATH_SEPARATOR=':'
SET_MAKE=''
SHELL='/bin/sh'
TARGET_FLAGS='-DUNIX'
THR_DEFS=' -D_THREAD_SAFE -D_REENTRANT -DPOSIX_THREADS'
THR_LIBS='-lpthread'
ac_ct_CC='gcc'
ac_ct_LD='ld'
ac_pt_GETCONF=''
bindir='${exec_prefix}/bin'
build='x86_64-apple-darwin14.5.0'
build_alias=''
build_cpu='x86_64'
build_os='darwin14.5.0'
build_vendor='apple'
datadir='${prefix}/share'
exec_prefix='${prefix}'
host='x86_64-apple-darwin14.5.0'
host_alias=''
host_cpu='x86_64'
host_os='darwin14.5.0'
host_vendor='apple'
includedir='${prefix}/include'
infodir='${prefix}/info'
libdir='${exec_prefix}/lib'
libexecdir='${exec_prefix}/libexec'
localstatedir='${prefix}/var'
mandir='${prefix}/man'
oldincludedir='/usr/include'
prefix='/usr/local'
program_transform_name='s,x,x,'
sbindir='${exec_prefix}/sbin'
sharedstatedir='${prefix}/com'
sysconfdir='${prefix}/etc'
target_alias=''

## ----------- ##
## confdefs.h. ##
## ----------- ##

#define HAVE_FCNTL_H 1
#define HAVE_INTTYPES_H 1
#define HAVE_MEMORY_H 1
#define HAVE_MEMSET 1
#define HAVE_NETDB_H 1
#define HAVE_PTHREAD_H 1
#define HAVE_SOCKET 1
#define HAVE_SQLEXT_H 1
#define HAVE_SQL_H 1
#define HAVE_STDINT_H 1
#define HAVE_STDLIB_H 1
#define HAVE_STDLIB_H 1
#define HAVE_STRINGS_H 1
#define HAVE_STRING_H 1
#define HAVE_STRING_H 1
#define HAVE_STRUCT_SOCKADDR_IN6_SIN6_ADDR 1
#define HAVE_SYS_SOCKET_H 1
#define HAVE_SYS_STAT_H 1
#define HAVE_SYS_TYPES_H 1
#define HAVE_UNISTD_H 1
#define PACKAGE_BUGREPORT ""
#define PACKAGE_NAME ""
#define PACKAGE_STRING ""
#define PACKAGE_TARNAME ""
#define PACKAGE_VERSION ""
#define STDC_HEADERS 1

configure: exit 0
