This file contains any messages produced by compilers while
running configure, to aid debugging if configure makes a mistake.

It was created by configure, which was
generated by GNU Autoconf 2.59.  Invocation command line was

  $ /Users/z/.kerl/builds/otp-18.2.1/otp_src_18.2.1/lib/megaco/./configure --prefix=/usr/local --prefix=/usr/local CFLAGS=-O0 ERL_TOP=/Users/z/.kerl/builds/otp-18.2.1/otp_src_18.2.1 --cache-file=/dev/null --srcdir=/Users/z/.kerl/builds/otp-18.2.1/otp_src_18.2.1/lib --cache-file=/dev/null --srcdir=/Users/z/.kerl/builds/otp-18.2.1/otp_src_18.2.1/lib/megaco/.

## --------- ##
## Platform. ##
## --------- ##

hostname = block9.PUBLIC.monkeybrains.net
uname -m = x86_64
uname -r = 14.5.0
uname -s = Darwin
uname -v = Darwin Kernel Version 14.5.0: Tue Sep  1 21:23:09 PDT 2015; root:xnu-2782.50.1~1/RELEASE_X86_64

/usr/bin/uname -p = i386
/bin/uname -X     = unknown

/bin/arch              = unknown
/usr/bin/arch -k       = unknown
/usr/convex/getsysinfo = unknown
hostinfo               = Mach kernel version:
	 Darwin Kernel Version 14.5.0: Tue Sep  1 21:23:09 PDT 2015; root:xnu-2782.50.1~1/RELEASE_X86_64
Kernel configured for up to 4 processors.
2 processors are physically available.
4 processors are logically available.
Processor type: i486 (Intel 80486)
Processors active: 0 1 2 3
Primary memory available: 8.00 gigabytes
Default processor set: 256 tasks, 1086 threads, 4 processors
Load average: 2.03, Mach factor: 2.03
/bin/machine           = unknown
/usr/bin/oslevel       = unknown
/bin/universe          = unknown

PATH: /Users/z/.nvm/versions/node/v5.2.0/bin
PATH: /Users/z/.gvm/bin
PATH: /Users/z/.rvm/bin
PATH: /Users/z/.gvm/bin
PATH: /Users/z/.gvm/bin
PATH: /Users/z/.pyenv/shims
PATH: /Users/z/bin
PATH: /Users/z/.pyenv/bin
PATH: /Users/z/.gvm/bin
PATH: /Users/z/.rvm/gems/ruby-2.2.3/bin
PATH: /Users/z/.rvm/gems/ruby-2.2.3@global/bin
PATH: /Users/z/.rvm/rubies/ruby-2.2.3/bin
PATH: /usr/local/bin
PATH: /usr/bin
PATH: /bin
PATH: /usr/sbin
PATH: /sbin
PATH: /opt/X11/bin
PATH: /Users/z/.rvm/bin
PATH: /Users/z/.rvm/bin
PATH: /Users/z/.gvm/bin
PATH: /Users/z/.gvm/bin
PATH: /Users/z/.rvm/gems/ruby-2.2.3/bin
PATH: /Users/z/.rvm/gems/ruby-2.2.3@global/bin
PATH: /Users/z/.rvm/rubies/ruby-2.2.3/bin
PATH: /usr/local/bin
PATH: /usr/bin
PATH: /bin
PATH: /usr/sbin
PATH: /sbin
PATH: /opt/X11/bin
PATH: /Users/z/.rvm/bin


## ----------- ##
## Core tests. ##
## ----------- ##

configure:1322: checking build system type
configure:1340: result: x86_64-apple-darwin14.5.0
configure:1348: checking host system type
configure:1362: result: x86_64-apple-darwin14.5.0
configure:1439: checking for gcc
configure:1455: found /usr/bin/gcc
configure:1465: result: gcc
configure:1709: checking for C compiler version
configure:1712: gcc --version </dev/null >&5
Configured with: --prefix=/Applications/Xcode.app/Contents/Developer/usr --with-gxx-include-dir=/usr/include/c++/4.2.1
Apple LLVM version 7.0.2 (clang-700.1.81)
Target: x86_64-apple-darwin14.5.0
Thread model: posix
configure:1715: $? = 0
configure:1717: gcc -v </dev/null >&5
Configured with: --prefix=/Applications/Xcode.app/Contents/Developer/usr --with-gxx-include-dir=/usr/include/c++/4.2.1
Apple LLVM version 7.0.2 (clang-700.1.81)
Target: x86_64-apple-darwin14.5.0
Thread model: posix
configure:1720: $? = 0
configure:1722: gcc -V </dev/null >&5
clang: error: argument to '-V' is missing (expected 1 value)
clang: error: no input files
configure:1725: $? = 1
configure:1748: checking for C compiler default output file name
configure:1751: gcc -O0   conftest.c  >&5
configure:1754: $? = 0
configure:1800: result: a.out
configure:1805: checking whether the C compiler works
configure:1811: ./a.out
configure:1814: $? = 0
configure:1831: result: yes
configure:1838: checking whether we are cross compiling
configure:1840: result: no
configure:1843: checking for suffix of executables
configure:1845: gcc -o conftest -O0   conftest.c  >&5
configure:1848: $? = 0
configure:1873: result: 
configure:1879: checking for suffix of object files
configure:1900: gcc -c -O0  conftest.c >&5
configure:1903: $? = 0
configure:1925: result: o
configure:1929: checking whether we are using the GNU C compiler
configure:1953: gcc -c -O0  conftest.c >&5
configure:1959: $? = 0
configure:1963: test -z 
			 || test ! -s conftest.err
configure:1966: $? = 0
configure:1969: test -s conftest.o
configure:1972: $? = 0
configure:1985: result: yes
configure:1991: checking whether gcc accepts -g
configure:2012: gcc -c -g  conftest.c >&5
configure:2018: $? = 0
configure:2022: test -z 
			 || test ! -s conftest.err
configure:2025: $? = 0
configure:2028: test -s conftest.o
configure:2031: $? = 0
configure:2042: result: yes
configure:2059: checking for gcc option to accept ANSI C
configure:2129: gcc  -c -O0  conftest.c >&5
configure:2135: $? = 0
configure:2139: test -z 
			 || test ! -s conftest.err
configure:2142: $? = 0
configure:2145: test -s conftest.o
configure:2148: $? = 0
configure:2166: result: none needed
configure:2184: gcc -c -O0  conftest.c >&5
conftest.c:2:3: error: unknown type name 'choke'
  choke me
  ^
conftest.c:2:11: error: expected ';' after top level declarator
  choke me
          ^
          ;
2 errors generated.
configure:2190: $? = 1
configure: failed program was:
| #ifndef __cplusplus
|   choke me
| #endif
configure:2328: checking for flex
configure:2344: found /usr/bin/flex
configure:2354: result: flex
configure:2367: checking for yywrap in -lfl
configure:2397: gcc -o conftest -O0   conftest.c -lfl   >&5
ld: library not found for -lfl
clang: error: linker command failed with exit code 1 (use -v to see invocation)
configure:2403: $? = 1
configure: failed program was:
| /* confdefs.h.  */
| 
| #define PACKAGE_NAME ""
| #define PACKAGE_TARNAME ""
| #define PACKAGE_VERSION ""
| #define PACKAGE_STRING ""
| #define PACKAGE_BUGREPORT ""
| /* end confdefs.h.  */
| 
| /* Override any gcc2 internal prototype to avoid an error.  */
| #ifdef __cplusplus
| extern "C"
| #endif
| /* We use char because int might match the return type of a gcc2
|    builtin and then its argument prototype would still apply.  */
| char yywrap ();
| int
| main ()
| {
| yywrap ();
|   ;
|   return 0;
| }
configure:2429: result: no
configure:2434: checking for yywrap in -ll
configure:2464: gcc -o conftest -O0   conftest.c -ll   >&5
configure:2470: $? = 0
configure:2474: test -z 
			 || test ! -s conftest.err
configure:2477: $? = 0
configure:2480: test -s conftest
configure:2483: $? = 0
configure:2496: result: yes
configure:2507: checking lex output file root
configure:2518: flex conftest.l
configure:2521: $? = 0
configure:2533: result: lex.yy
configure:2538: checking whether yytext is a pointer
configure:2554: gcc -o conftest -O0   conftest.c  -ll >&5
configure:2560: $? = 0
configure:2564: test -z 
			 || test ! -s conftest.err
configure:2567: $? = 0
configure:2570: test -s conftest
configure:2573: $? = 0
configure:2587: result: yes
configure:2632: checking for reentrant capable flex
configure:2634: flex -R -Pconftest -oconftest.c conftest.flex 1>&5
configure:2637: $? = 0
configure:2641: result: yes
configure:2692: checking if we can add -Werror=return-type to CFLAGS (via CFLAGS)
configure:2712: gcc -c -Werror=return-type -O0  conftest.c >&5
configure:2718: $? = 0
configure:2722: test -z 
			 || test ! -s conftest.err
configure:2725: $? = 0
configure:2728: test -s conftest.o
configure:2731: $? = 0
configure:2743: result: yes
configure:2770: checking for usable Dynamic Erlang Driver configuration
configure:2783: result: yes
configure:3715: checking for perl
configure:3731: found /usr/bin/perl
configure:3742: result: perl
configure:3882: creating ./config.status

## ---------------------- ##
## Running config.status. ##
## ---------------------- ##

This file was extended by config.status, which was
generated by GNU Autoconf 2.59.  Invocation command line was

  CONFIG_FILES    = 
  CONFIG_HEADERS  = 
  CONFIG_LINKS    = 
  CONFIG_COMMANDS = 
  $ ./config.status 

on block9.PUBLIC.monkeybrains.net

config.status:655: creating examples/meas/Makefile
configure:4813: creating ./config.status

## ---------------------- ##
## Running config.status. ##
## ---------------------- ##

This file was extended by config.status, which was
generated by GNU Autoconf 2.59.  Invocation command line was

  CONFIG_FILES    = 
  CONFIG_HEADERS  = 
  CONFIG_LINKS    = 
  CONFIG_COMMANDS = 
  $ ./config.status 

on block9.PUBLIC.monkeybrains.net

config.status:656: creating examples/meas/Makefile
config.status:656: creating src/flex/x86_64-apple-darwin14.5.0/Makefile

## ---------------- ##
## Cache variables. ##
## ---------------- ##

ac_cv_build=x86_64-apple-darwin14.5.0
ac_cv_build_alias=x86_64-apple-darwin14.5.0
ac_cv_c_compiler_gnu=yes
ac_cv_env_CC_set=
ac_cv_env_CC_value=
ac_cv_env_CFLAGS_set=set
ac_cv_env_CFLAGS_value=-O0
ac_cv_env_CPPFLAGS_set=
ac_cv_env_CPPFLAGS_value=
ac_cv_env_LDFLAGS_set=
ac_cv_env_LDFLAGS_value=
ac_cv_env_build_alias_set=
ac_cv_env_build_alias_value=
ac_cv_env_host_alias_set=
ac_cv_env_host_alias_value=
ac_cv_env_target_alias_set=
ac_cv_env_target_alias_value=
ac_cv_exeext=
ac_cv_host=x86_64-apple-darwin14.5.0
ac_cv_host_alias=x86_64-apple-darwin14.5.0
ac_cv_lib_fl_yywrap=no
ac_cv_lib_l_yywrap=yes
ac_cv_objext=o
ac_cv_prog_LEX=flex
ac_cv_prog_PERL=perl
ac_cv_prog_ac_ct_CC=gcc
ac_cv_prog_cc_g=yes
ac_cv_prog_cc_stdc=
ac_cv_prog_lex_root=lex.yy
ac_cv_prog_lex_yytext_pointer=yes

## ----------------- ##
## Output variables. ##
## ----------------- ##

CC='false'
CFLAGS='-Werror=return-type -O0'
CPPFLAGS=''
DED_CFLAGS=''
DED_INCLUDES=''
DED_LD='false'
DED_LDFLAGS=''
DED_THR_DEFS=''
DEFS='-DPACKAGE_NAME=\"\" -DPACKAGE_TARNAME=\"\" -DPACKAGE_VERSION=\"\" -DPACKAGE_STRING=\"\" -DPACKAGE_BUGREPORT=\"\" -DYYTEXT_POINTER=1 '
ECHO_C='ECHO_N=''
ECHO_T=''
ENABLE_MEGACO_FLEX_SCANNER='true'
ENABLE_MEGACO_FLEX_SCANNER_LINENO='true'
ENABLE_REENTRANT_MEGACO_FLEX_SCANNER='true'
ERLANG_OSTYPE='unix'
EXEEXT=''
HAVE_USABLE_OTP_DED_MK='yes'
LDFLAGS=''
LEX='flex'
LEXLIB='-ll'
LEX_OUTPUT_ROOT='lex.yy'
LIBOBJS=''
LIBS=''
LTLIBOBJS=''
OBJEXT='o'
OTP_EXTRA_FLAGS='-DOTP_RELEASE'
PACKAGE_BUGREPORT=''
PACKAGE_NAME=''
PACKAGE_STRING=''
PACKAGE_TARNAME=''
PACKAGE_VERSION=''
PATH_SEPARATOR=':'
PERL='perl'
SHELL='/bin/sh'
ac_ct_CC='gcc'
ac_ct_DED_LD=''
bindir='${exec_prefix}/bin'
build='x86_64-apple-darwin14.5.0'
build_alias=''
build_cpu='x86_64'
build_os='darwin14.5.0'
build_vendor='apple'
datadir='${prefix}/share'
exec_prefix='${prefix}'
host='x86_64-apple-darwin14.5.0'
host_alias=''
host_cpu='x86_64'
host_os='darwin14.5.0'
host_vendor='apple'
includedir='${prefix}/include'
infodir='${prefix}/info'
libdir='${exec_prefix}/lib'
libexecdir='${exec_prefix}/libexec'
localstatedir='${prefix}/var'
mandir='${prefix}/man'
oldincludedir='/usr/include'
prefix='/usr/local'
program_transform_name='s,x,x,'
sbindir='${exec_prefix}/sbin'
sharedstatedir='${prefix}/com'
sysconfdir='${prefix}/etc'
target_alias=''

## ----------- ##
## confdefs.h. ##
## ----------- ##

#define PACKAGE_BUGREPORT ""
#define PACKAGE_NAME ""
#define PACKAGE_STRING ""
#define PACKAGE_TARNAME ""
#define PACKAGE_VERSION ""
#define YYTEXT_POINTER 1

configure: exit 0
