This file contains any messages produced by compilers while
running configure, to aid debugging if configure makes a mistake.

It was created by configure, which was
generated by GNU Autoconf 2.59.  Invocation command line was

  $ ./configure --cache-file=/dev/null CFLAGS=-O0

## --------- ##
## Platform. ##
## --------- ##

hostname = block9.PUBLIC.monkeybrains.net
uname -m = x86_64
uname -r = 14.5.0
uname -s = Darwin
uname -v = Darwin Kernel Version 14.5.0: Tue Sep  1 21:23:09 PDT 2015; root:xnu-2782.50.1~1/RELEASE_X86_64

/usr/bin/uname -p = i386
/bin/uname -X     = unknown

/bin/arch              = unknown
/usr/bin/arch -k       = unknown
/usr/convex/getsysinfo = unknown
hostinfo               = Mach kernel version:
	 Darwin Kernel Version 14.5.0: Tue Sep  1 21:23:09 PDT 2015; root:xnu-2782.50.1~1/RELEASE_X86_64
Kernel configured for up to 4 processors.
2 processors are physically available.
4 processors are logically available.
Processor type: i486 (Intel 80486)
Processors active: 0 1 2 3
Primary memory available: 8.00 gigabytes
Default processor set: 254 tasks, 1081 threads, 4 processors
Load average: 2.58, Mach factor: 1.80
/bin/machine           = unknown
/usr/bin/oslevel       = unknown
/bin/universe          = unknown

PATH: /Users/z/.nvm/versions/node/v5.2.0/bin
PATH: /Users/z/.gvm/bin
PATH: /Users/z/.rvm/bin
PATH: /Users/z/.gvm/bin
PATH: /Users/z/.gvm/bin
PATH: /Users/z/.pyenv/shims
PATH: /Users/z/bin
PATH: /Users/z/.pyenv/bin
PATH: /Users/z/.gvm/bin
PATH: /Users/z/.rvm/gems/ruby-2.2.3/bin
PATH: /Users/z/.rvm/gems/ruby-2.2.3@global/bin
PATH: /Users/z/.rvm/rubies/ruby-2.2.3/bin
PATH: /usr/local/bin
PATH: /usr/bin
PATH: /bin
PATH: /usr/sbin
PATH: /sbin
PATH: /opt/X11/bin
PATH: /Users/z/.rvm/bin
PATH: /Users/z/.rvm/bin
PATH: /Users/z/.gvm/bin
PATH: /Users/z/.gvm/bin
PATH: /Users/z/.rvm/gems/ruby-2.2.3/bin
PATH: /Users/z/.rvm/gems/ruby-2.2.3@global/bin
PATH: /Users/z/.rvm/rubies/ruby-2.2.3/bin
PATH: /usr/local/bin
PATH: /usr/bin
PATH: /bin
PATH: /usr/sbin
PATH: /sbin
PATH: /opt/X11/bin
PATH: /Users/z/.rvm/bin


## ----------- ##
## Core tests. ##
## ----------- ##

configure:1758: checking build system type
configure:1776: result: x86_64-apple-darwin14.5.0
configure:1784: checking host system type
configure:1798: result: x86_64-apple-darwin14.5.0
configure:1887: checking for gcc
configure:1903: found /usr/bin/gcc
configure:1913: result: gcc
configure:2157: checking for C compiler version
configure:2160: gcc --version </dev/null >&5
Configured with: --prefix=/Applications/Xcode.app/Contents/Developer/usr --with-gxx-include-dir=/usr/include/c++/4.2.1
Apple LLVM version 7.0.2 (clang-700.1.81)
Target: x86_64-apple-darwin14.5.0
Thread model: posix
configure:2163: $? = 0
configure:2165: gcc -v </dev/null >&5
Configured with: --prefix=/Applications/Xcode.app/Contents/Developer/usr --with-gxx-include-dir=/usr/include/c++/4.2.1
Apple LLVM version 7.0.2 (clang-700.1.81)
Target: x86_64-apple-darwin14.5.0
Thread model: posix
configure:2168: $? = 0
configure:2170: gcc -V </dev/null >&5
clang: error: argument to '-V' is missing (expected 1 value)
clang: error: no input files
configure:2173: $? = 1
configure:2196: checking for C compiler default output file name
configure:2199: gcc -O0   conftest.c  >&5
configure:2202: $? = 0
configure:2248: result: a.out
configure:2253: checking whether the C compiler works
configure:2259: ./a.out
configure:2262: $? = 0
configure:2279: result: yes
configure:2286: checking whether we are cross compiling
configure:2288: result: no
configure:2291: checking for suffix of executables
configure:2293: gcc -o conftest -O0   conftest.c  >&5
configure:2296: $? = 0
configure:2321: result: 
configure:2327: checking for suffix of object files
configure:2348: gcc -c -O0  conftest.c >&5
configure:2351: $? = 0
configure:2373: result: o
configure:2377: checking whether we are using the GNU C compiler
configure:2401: gcc -c -O0  conftest.c >&5
configure:2407: $? = 0
configure:2411: test -z 
			 || test ! -s conftest.err
configure:2414: $? = 0
configure:2417: test -s conftest.o
configure:2420: $? = 0
configure:2433: result: yes
configure:2439: checking whether gcc accepts -g
configure:2460: gcc -c -g  conftest.c >&5
configure:2466: $? = 0
configure:2470: test -z 
			 || test ! -s conftest.err
configure:2473: $? = 0
configure:2476: test -s conftest.o
configure:2479: $? = 0
configure:2490: result: yes
configure:2507: checking for gcc option to accept ANSI C
configure:2577: gcc  -c -O0  conftest.c >&5
configure:2583: $? = 0
configure:2587: test -z 
			 || test ! -s conftest.err
configure:2590: $? = 0
configure:2593: test -s conftest.o
configure:2596: $? = 0
configure:2614: result: none needed
configure:2632: gcc -c -O0  conftest.c >&5
conftest.c:2:3: error: unknown type name 'choke'
  choke me
  ^
conftest.c:2:11: error: expected ';' after top level declarator
  choke me
          ^
          ;
2 errors generated.
configure:2638: $? = 1
configure: failed program was:
| #ifndef __cplusplus
|   choke me
| #endif
configure:2823: checking for g++
configure:2839: found /usr/bin/g++
configure:2849: result: g++
configure:2865: checking for C++ compiler version
configure:2868: g++ --version </dev/null >&5
Configured with: --prefix=/Applications/Xcode.app/Contents/Developer/usr --with-gxx-include-dir=/usr/include/c++/4.2.1
Apple LLVM version 7.0.2 (clang-700.1.81)
Target: x86_64-apple-darwin14.5.0
Thread model: posix
configure:2871: $? = 0
configure:2873: g++ -v </dev/null >&5
Configured with: --prefix=/Applications/Xcode.app/Contents/Developer/usr --with-gxx-include-dir=/usr/include/c++/4.2.1
Apple LLVM version 7.0.2 (clang-700.1.81)
Target: x86_64-apple-darwin14.5.0
Thread model: posix
configure:2876: $? = 0
configure:2878: g++ -V </dev/null >&5
clang: error: argument to '-V' is missing (expected 1 value)
clang: error: no input files
configure:2881: $? = 1
configure:2884: checking whether we are using the GNU C++ compiler
configure:2908: g++ -c   conftest.cc >&5
configure:2914: $? = 0
configure:2918: test -z 
			 || test ! -s conftest.err
configure:2921: $? = 0
configure:2924: test -s conftest.o
configure:2927: $? = 0
configure:2940: result: yes
configure:2946: checking whether g++ accepts -g
configure:2967: g++ -c -g  conftest.cc >&5
configure:2973: $? = 0
configure:2977: test -z 
			 || test ! -s conftest.err
configure:2980: $? = 0
configure:2983: test -s conftest.o
configure:2986: $? = 0
configure:2997: result: yes
configure:3039: g++ -c -g -O2  conftest.cc >&5
configure:3045: $? = 0
configure:3049: test -z 
			 || test ! -s conftest.err
configure:3052: $? = 0
configure:3055: test -s conftest.o
configure:3058: $? = 0
configure:3084: g++ -c -g -O2  conftest.cc >&5
conftest.cc:13:1: error: use of undeclared identifier 'exit'
exit (42);
^
1 error generated.
configure:3090: $? = 1
configure: failed program was:
| /* confdefs.h.  */
| 
| #define PACKAGE_NAME ""
| #define PACKAGE_TARNAME ""
| #define PACKAGE_VERSION ""
| #define PACKAGE_STRING ""
| #define PACKAGE_BUGREPORT ""
| /* end confdefs.h.  */
| 
| int
| main ()
| {
| exit (42);
|   ;
|   return 0;
| }
configure:3039: g++ -c -g -O2  conftest.cc >&5
conftest.cc:9:17: error: use of undeclared identifier 'std'
extern "C" void std::exit (int) throw (); using std::exit;
                ^
conftest.cc:9:49: error: use of undeclared identifier 'std'
extern "C" void std::exit (int) throw (); using std::exit;
                                                ^
2 errors generated.
configure:3045: $? = 1
configure: failed program was:
| /* confdefs.h.  */
| 
| #define PACKAGE_NAME ""
| #define PACKAGE_TARNAME ""
| #define PACKAGE_VERSION ""
| #define PACKAGE_STRING ""
| #define PACKAGE_BUGREPORT ""
| /* end confdefs.h.  */
| extern "C" void std::exit (int) throw (); using std::exit;
| #include <stdlib.h>
| int
| main ()
| {
| exit (42);
|   ;
|   return 0;
| }
configure:3039: g++ -c -g -O2  conftest.cc >&5
conftest.cc:9:17: error: use of undeclared identifier 'std'
extern "C" void std::exit (int); using std::exit;
                ^
conftest.cc:9:40: error: use of undeclared identifier 'std'
extern "C" void std::exit (int); using std::exit;
                                       ^
2 errors generated.
configure:3045: $? = 1
configure: failed program was:
| /* confdefs.h.  */
| 
| #define PACKAGE_NAME ""
| #define PACKAGE_TARNAME ""
| #define PACKAGE_VERSION ""
| #define PACKAGE_STRING ""
| #define PACKAGE_BUGREPORT ""
| /* end confdefs.h.  */
| extern "C" void std::exit (int); using std::exit;
| #include <stdlib.h>
| int
| main ()
| {
| exit (42);
|   ;
|   return 0;
| }
configure:3039: g++ -c -g -O2  conftest.cc >&5
configure:3045: $? = 0
configure:3049: test -z 
			 || test ! -s conftest.err
configure:3052: $? = 0
configure:3055: test -s conftest.o
configure:3058: $? = 0
configure:3084: g++ -c -g -O2  conftest.cc >&5
configure:3090: $? = 0
configure:3094: test -z 
			 || test ! -s conftest.err
configure:3097: $? = 0
configure:3100: test -s conftest.o
configure:3103: $? = 0
configure:3167: checking for ld
configure:3183: found /usr/bin/ld
configure:3193: result: ld
configure:3209: checking for GNU make
configure:3247: result: yes (make)
configure:3266: checking for a BSD-compatible install
configure:3321: result: /usr/local/bin/ginstall -c
configure:3339: checking whether ln -s works
configure:3343: result: yes
configure:3391: checking for ranlib
configure:3407: found /usr/bin/ranlib
configure:3418: result: ranlib
configure:3434: checking ERTS version
configure:3437: result: 7.2.1
configure:3444: checking OTP release
configure:3447: result: 18
configure:3451: checking OTP version
configure:3454: result: 18.2.1
configure:3866: creating ./config.status

## ---------------------- ##
## Running config.status. ##
## ---------------------- ##

This file was extended by config.status, which was
generated by GNU Autoconf 2.59.  Invocation command line was

  CONFIG_FILES    = 
  CONFIG_HEADERS  = 
  CONFIG_LINKS    = 
  CONFIG_COMMANDS = 
  $ ./config.status 

on block9.PUBLIC.monkeybrains.net

config.status:708: creating Makefile
config.status:708: creating make/output.mk
config.status:708: creating make/emd2exml
configure:4774: configuring in lib
configure:4891: running /bin/sh '/Users/z/.kerl/builds/otp-18.2.1/otp_src_18.2.1/lib/configure' --prefix=/usr/local  '--cache-file=/dev/null' 'CFLAGS=-O0' 'ERL_TOP=/Users/z/.kerl/builds/otp-18.2.1/otp_src_18.2.1' --cache-file=/dev/null --srcdir=/Users/z/.kerl/builds/otp-18.2.1/otp_src_18.2.1/lib
configure:4774: configuring in erts
configure:4891: running /bin/sh '/Users/z/.kerl/builds/otp-18.2.1/otp_src_18.2.1/erts/configure' --prefix=/usr/local  '--cache-file=/dev/null' 'CFLAGS=-O0' 'ERL_TOP=/Users/z/.kerl/builds/otp-18.2.1/otp_src_18.2.1' --cache-file=/dev/null --srcdir=/Users/z/.kerl/builds/otp-18.2.1/otp_src_18.2.1/erts

## ---------------- ##
## Cache variables. ##
## ---------------- ##

ac_cv_build=x86_64-apple-darwin14.5.0
ac_cv_build_alias=x86_64-apple-darwin14.5.0
ac_cv_c_compiler_gnu=yes
ac_cv_cxx_compiler_gnu=yes
ac_cv_env_AR_set=
ac_cv_env_AR_value=
ac_cv_env_CC_set=
ac_cv_env_CC_value=
ac_cv_env_CFLAGS_set=set
ac_cv_env_CFLAGS_value=-O0
ac_cv_env_CFLAG_RUNTIME_LIBRARY_PATH_set=
ac_cv_env_CFLAG_RUNTIME_LIBRARY_PATH_value=
ac_cv_env_CPPFLAGS_set=
ac_cv_env_CPPFLAGS_value=
ac_cv_env_CPP_set=
ac_cv_env_CPP_value=
ac_cv_env_CXXFLAGS_set=
ac_cv_env_CXXFLAGS_value=
ac_cv_env_CXX_set=
ac_cv_env_CXX_value=
ac_cv_env_DED_LDFLAGS_set=
ac_cv_env_DED_LDFLAGS_value=
ac_cv_env_DED_LD_FLAG_RUNTIME_LIBRARY_PATH_set=
ac_cv_env_DED_LD_FLAG_RUNTIME_LIBRARY_PATH_value=
ac_cv_env_DED_LD_set=
ac_cv_env_DED_LD_value=
ac_cv_env_ERL_TOP_set=set
ac_cv_env_ERL_TOP_value=/Users/z/.kerl/builds/otp-18.2.1/otp_src_18.2.1
ac_cv_env_GETCONF_set=
ac_cv_env_GETCONF_value=
ac_cv_env_LDFLAGS_set=
ac_cv_env_LDFLAGS_value=
ac_cv_env_LD_set=
ac_cv_env_LD_value=
ac_cv_env_LFS_CFLAGS_set=
ac_cv_env_LFS_CFLAGS_value=
ac_cv_env_LFS_LDFLAGS_set=
ac_cv_env_LFS_LDFLAGS_value=
ac_cv_env_LFS_LIBS_set=
ac_cv_env_LFS_LIBS_value=
ac_cv_env_LIBS_set=
ac_cv_env_LIBS_value=
ac_cv_env_RANLIB_set=
ac_cv_env_RANLIB_value=
ac_cv_env_STATIC_CFLAGS_set=
ac_cv_env_STATIC_CFLAGS_value=
ac_cv_env_build_alias_set=
ac_cv_env_build_alias_value=
ac_cv_env_erl_xcomp_after_morecore_hook_set=
ac_cv_env_erl_xcomp_after_morecore_hook_value=
ac_cv_env_erl_xcomp_bigendian_set=
ac_cv_env_erl_xcomp_bigendian_value=
ac_cv_env_erl_xcomp_clock_gettime_cpu_time_set=
ac_cv_env_erl_xcomp_clock_gettime_cpu_time_value=
ac_cv_env_erl_xcomp_dlsym_brk_wrappers_set=
ac_cv_env_erl_xcomp_dlsym_brk_wrappers_value=
ac_cv_env_erl_xcomp_double_middle_endian_set=
ac_cv_env_erl_xcomp_double_middle_endian_value=
ac_cv_env_erl_xcomp_getaddrinfo_set=
ac_cv_env_erl_xcomp_getaddrinfo_value=
ac_cv_env_erl_xcomp_gethrvtime_procfs_ioctl_set=
ac_cv_env_erl_xcomp_gethrvtime_procfs_ioctl_value=
ac_cv_env_erl_xcomp_isysroot_set=
ac_cv_env_erl_xcomp_isysroot_value=
ac_cv_env_erl_xcomp_kqueue_set=
ac_cv_env_erl_xcomp_kqueue_value=
ac_cv_env_erl_xcomp_linux_nptl_set=
ac_cv_env_erl_xcomp_linux_nptl_value=
ac_cv_env_erl_xcomp_linux_usable_sigaltstack_set=
ac_cv_env_erl_xcomp_linux_usable_sigaltstack_value=
ac_cv_env_erl_xcomp_linux_usable_sigusrx_set=
ac_cv_env_erl_xcomp_linux_usable_sigusrx_value=
ac_cv_env_erl_xcomp_ose_BEAM_LM_CONF_set=
ac_cv_env_erl_xcomp_ose_BEAM_LM_CONF_value=
ac_cv_env_erl_xcomp_ose_CONFD_set=
ac_cv_env_erl_xcomp_ose_CONFD_value=
ac_cv_env_erl_xcomp_ose_CRT0_LM_set=
ac_cv_env_erl_xcomp_ose_CRT0_LM_value=
ac_cv_env_erl_xcomp_ose_EPMD_LM_CONF_set=
ac_cv_env_erl_xcomp_ose_EPMD_LM_CONF_value=
ac_cv_env_erl_xcomp_ose_LM_ELF_SIZE_set=
ac_cv_env_erl_xcomp_ose_LM_ELF_SIZE_value=
ac_cv_env_erl_xcomp_ose_LM_LCF_set=
ac_cv_env_erl_xcomp_ose_LM_LCF_value=
ac_cv_env_erl_xcomp_ose_LM_POST_LINK_set=
ac_cv_env_erl_xcomp_ose_LM_POST_LINK_value=
ac_cv_env_erl_xcomp_ose_LM_SET_CONF_set=
ac_cv_env_erl_xcomp_ose_LM_SET_CONF_value=
ac_cv_env_erl_xcomp_ose_OSEROOT_set=
ac_cv_env_erl_xcomp_ose_OSEROOT_value=
ac_cv_env_erl_xcomp_ose_RUN_ERL_LM_CONF_set=
ac_cv_env_erl_xcomp_ose_RUN_ERL_LM_CONF_value=
ac_cv_env_erl_xcomp_ose_STRIP_set=
ac_cv_env_erl_xcomp_ose_STRIP_value=
ac_cv_env_erl_xcomp_ose_ldflags_pass1_set=
ac_cv_env_erl_xcomp_ose_ldflags_pass1_value=
ac_cv_env_erl_xcomp_ose_ldflags_pass2_set=
ac_cv_env_erl_xcomp_ose_ldflags_pass2_value=
ac_cv_env_erl_xcomp_poll_set=
ac_cv_env_erl_xcomp_poll_value=
ac_cv_env_erl_xcomp_putenv_copy_set=
ac_cv_env_erl_xcomp_putenv_copy_value=
ac_cv_env_erl_xcomp_reliable_fpe_set=
ac_cv_env_erl_xcomp_reliable_fpe_value=
ac_cv_env_erl_xcomp_sysroot_set=
ac_cv_env_erl_xcomp_sysroot_value=
ac_cv_env_host_alias_set=
ac_cv_env_host_alias_value=
ac_cv_env_target_alias_set=
ac_cv_env_target_alias_value=
ac_cv_exeext=
ac_cv_host=x86_64-apple-darwin14.5.0
ac_cv_host_alias=x86_64-apple-darwin14.5.0
ac_cv_objext=o
ac_cv_path_install='/usr/local/bin/ginstall -c'
ac_cv_prog_ac_ct_CC=gcc
ac_cv_prog_ac_ct_CXX=g++
ac_cv_prog_ac_ct_LD=ld
ac_cv_prog_ac_ct_RANLIB=ranlib
ac_cv_prog_cc_g=yes
ac_cv_prog_cc_stdc=
ac_cv_prog_cxx_g=yes

## ----------------- ##
## Output variables. ##
## ----------------- ##

AR=''
BOOTSTRAP_ONLY='no'
CC='gcc'
CFLAGS='-O0'
CFLAG_RUNTIME_LIBRARY_PATH=''
CPP=''
CPPFLAGS=''
CROSS_COMPILING='no'
CXX='g++'
CXXFLAGS='-g -O2'
DED_LD=''
DED_LDFLAGS=''
DED_LD_FLAG_RUNTIME_LIBRARY_PATH=''
DEFAULT_VERBOSITY='0'
DEFS='-DPACKAGE_NAME=\"\" -DPACKAGE_TARNAME=\"\" -DPACKAGE_VERSION=\"\" -DPACKAGE_STRING=\"\" -DPACKAGE_BUGREPORT=\"\" '
ECHO_C='ECHO_N=''
ECHO_T=''
ERL_TOP='/Users/z/.kerl/builds/otp-18.2.1/otp_src_18.2.1'
ERTS_VSN='7.2.1'
EXEEXT=''
GETCONF=''
INSTALL_DATA='${INSTALL} -m 644'
INSTALL_PROGRAM='${INSTALL}'
INSTALL_SCRIPT='${INSTALL}'
LD='ld'
LDFLAGS=''
LFS_CFLAGS=''
LFS_LDFLAGS=''
LFS_LIBS=''
LIBOBJS=''
LIBS=''
LN_S='ln -s'
LTLIBOBJS=''
MAKE_PROG='make'
NATIVE_LIBS_ENABLED=''
OBJEXT='o'
OTP_REL='18'
OTP_VSN='18.2.1'
PACKAGE_BUGREPORT=''
PACKAGE_NAME=''
PACKAGE_STRING=''
PACKAGE_TARNAME=''
PACKAGE_VERSION=''
PATH_SEPARATOR=':'
RANLIB='ranlib'
SHELL='/bin/sh'
STATIC_CFLAGS=''
TARGET='x86_64-apple-darwin14.5.0'
ac_ct_CC='gcc'
ac_ct_CXX='g++'
ac_ct_LD='ld'
ac_ct_RANLIB='ranlib'
bindir='${exec_prefix}/bin'
build='x86_64-apple-darwin14.5.0'
build_alias=''
build_cpu='x86_64'
build_os='darwin14.5.0'
build_vendor='apple'
datadir='${prefix}/share'
erl_xcomp_after_morecore_hook=''
erl_xcomp_bigendian=''
erl_xcomp_clock_gettime_cpu_time=''
erl_xcomp_dlsym_brk_wrappers=''
erl_xcomp_double_middle_endian=''
erl_xcomp_getaddrinfo=''
erl_xcomp_gethrvtime_procfs_ioctl=''
erl_xcomp_isysroot=''
erl_xcomp_kqueue=''
erl_xcomp_linux_nptl=''
erl_xcomp_linux_usable_sigaltstack=''
erl_xcomp_linux_usable_sigusrx=''
erl_xcomp_ose_BEAM_LM_CONF=''
erl_xcomp_ose_CONFD=''
erl_xcomp_ose_CRT0_LM=''
erl_xcomp_ose_EPMD_LM_CONF=''
erl_xcomp_ose_LM_ELF_SIZE=''
erl_xcomp_ose_LM_LCF=''
erl_xcomp_ose_LM_POST_LINK=''
erl_xcomp_ose_LM_SET_CONF=''
erl_xcomp_ose_OSEROOT=''
erl_xcomp_ose_RUN_ERL_LM_CONF=''
erl_xcomp_ose_STRIP=''
erl_xcomp_ose_ldflags_pass1=''
erl_xcomp_ose_ldflags_pass2=''
erl_xcomp_poll=''
erl_xcomp_putenv_copy=''
erl_xcomp_reliable_fpe=''
erl_xcomp_sysroot=''
exec_prefix='${prefix}'
host='x86_64-apple-darwin14.5.0'
host_alias=''
host_cpu='x86_64'
host_os='darwin14.5.0'
host_vendor='apple'
includedir='${prefix}/include'
infodir='${prefix}/info'
libdir='${exec_prefix}/lib'
libexecdir='${exec_prefix}/libexec'
localstatedir='${prefix}/var'
mandir='${prefix}/man'
oldincludedir='/usr/include'
prefix='/usr/local'
program_transform_name='s,x,x,'
sbindir='${exec_prefix}/sbin'
sharedstatedir='${prefix}/com'
subdirs=' lib erts'
sysconfdir='${prefix}/etc'
target_alias=''

## ----------- ##
## confdefs.h. ##
## ----------- ##

#define PACKAGE_BUGREPORT ""
#define PACKAGE_NAME ""
#define PACKAGE_STRING ""
#define PACKAGE_TARNAME ""
#define PACKAGE_VERSION ""
#endif
#ifdef __cplusplus
extern "C" void exit (int) throw ();

configure: exit 0
